\BOOKMARK [0][-]{chapter.1}{\376\377\000H\000i\000e\000r\000a\000r\000c\000h\000i\000c\000a\000l\000\040\000I\000n\000d\000e\000x}{}% 1
\BOOKMARK [1][-]{section.1.1}{\376\377\000C\000l\000a\000s\000s\000\040\000H\000i\000e\000r\000a\000r\000c\000h\000y}{chapter.1}% 2
\BOOKMARK [0][-]{chapter.2}{\376\377\000C\000l\000a\000s\000s\000\040\000I\000n\000d\000e\000x}{}% 3
\BOOKMARK [1][-]{section.2.1}{\376\377\000C\000l\000a\000s\000s\000\040\000L\000i\000s\000t}{chapter.2}% 4
\BOOKMARK [0][-]{chapter.3}{\376\377\000F\000i\000l\000e\000\040\000I\000n\000d\000e\000x}{}% 5
\BOOKMARK [1][-]{section.3.1}{\376\377\000F\000i\000l\000e\000\040\000L\000i\000s\000t}{chapter.3}% 6
\BOOKMARK [0][-]{chapter.4}{\376\377\000C\000l\000a\000s\000s\000\040\000D\000o\000c\000u\000m\000e\000n\000t\000a\000t\000i\000o\000n}{}% 7
\BOOKMARK [1][-]{section.4.1}{\376\377\000C\000a\000l\000i\000b\000r\000a\000t\000e\000\040\000C\000l\000a\000s\000s\000\040\000R\000e\000f\000e\000r\000e\000n\000c\000e}{chapter.4}% 8
\BOOKMARK [2][-]{subsection.4.1.1}{\376\377\000D\000e\000t\000a\000i\000l\000e\000d\000\040\000D\000e\000s\000c\000r\000i\000p\000t\000i\000o\000n}{section.4.1}% 9
\BOOKMARK [2][-]{subsection.4.1.2}{\376\377\000C\000o\000n\000s\000t\000r\000u\000c\000t\000o\000r\000\040\000\046\000\040\000D\000e\000s\000t\000r\000u\000c\000t\000o\000r\000\040\000D\000o\000c\000u\000m\000e\000n\000t\000a\000t\000i\000o\000n}{section.4.1}% 10
\BOOKMARK [3][-]{subsubsection.4.1.2.1}{\376\377\000C\000a\000l\000i\000b\000r\000a\000t\000e}{subsection.4.1.2}% 11
\BOOKMARK [2][-]{subsection.4.1.3}{\376\377\000M\000e\000m\000b\000e\000r\000\040\000F\000u\000n\000c\000t\000i\000o\000n\000\040\000D\000o\000c\000u\000m\000e\000n\000t\000a\000t\000i\000o\000n}{section.4.1}% 12
\BOOKMARK [3][-]{subsubsection.4.1.3.1}{\376\377\000a\000u\000t\000o\000R\000e\000f\000\137\0003}{subsection.4.1.3}% 13
\BOOKMARK [3][-]{subsubsection.4.1.3.2}{\376\377\000g\000e\000t\000E\000C\000o\000o\000r\000d\000s}{subsection.4.1.3}% 14
\BOOKMARK [3][-]{subsubsection.4.1.3.3}{\376\377\000g\000e\000t\000H\000C\000o\000o\000r\000d\000s}{subsection.4.1.3}% 15
\BOOKMARK [3][-]{subsubsection.4.1.3.4}{\376\377\000i\000s\000C\000o\000n\000f\000i\000g\000u\000r\000e\000d}{subsection.4.1.3}% 16
\BOOKMARK [3][-]{subsubsection.4.1.3.5}{\376\377\000s\000e\000t\000R\000e\000f\000\137\0001}{subsection.4.1.3}% 17
\BOOKMARK [3][-]{subsubsection.4.1.3.6}{\376\377\000s\000e\000t\000R\000e\000f\000\137\0002}{subsection.4.1.3}% 18
\BOOKMARK [3][-]{subsubsection.4.1.3.7}{\376\377\000s\000e\000t\000R\000e\000f\000\137\0003}{subsection.4.1.3}% 19
\BOOKMARK [3][-]{subsubsection.4.1.3.8}{\376\377\000s\000e\000t\000T\000i\000m\000e}{subsection.4.1.3}% 20
\BOOKMARK [1][-]{section.4.2}{\376\377\000L\000a\000s\000e\000r\000D\000e\000v\000\040\000C\000l\000a\000s\000s\000\040\000R\000e\000f\000e\000r\000e\000n\000c\000e}{chapter.4}% 21
\BOOKMARK [2][-]{subsection.4.2.1}{\376\377\000D\000e\000t\000a\000i\000l\000e\000d\000\040\000D\000e\000s\000c\000r\000i\000p\000t\000i\000o\000n}{section.4.2}% 22
\BOOKMARK [2][-]{subsection.4.2.2}{\376\377\000C\000o\000n\000s\000t\000r\000u\000c\000t\000o\000r\000\040\000\046\000\040\000D\000e\000s\000t\000r\000u\000c\000t\000o\000r\000\040\000D\000o\000c\000u\000m\000e\000n\000t\000a\000t\000i\000o\000n}{section.4.2}% 23
\BOOKMARK [3][-]{subsubsection.4.2.2.1}{\376\377\000L\000a\000s\000e\000r\000D\000e\000v}{subsection.4.2.2}% 24
\BOOKMARK [3][-]{subsubsection.4.2.2.2}{\376\377\000L\000a\000s\000e\000r\000D\000e\000v}{subsection.4.2.2}% 25
\BOOKMARK [2][-]{subsection.4.2.3}{\376\377\000M\000e\000m\000b\000e\000r\000\040\000F\000u\000n\000c\000t\000i\000o\000n\000\040\000D\000o\000c\000u\000m\000e\000n\000t\000a\000t\000i\000o\000n}{section.4.2}% 26
\BOOKMARK [3][-]{subsubsection.4.2.3.1}{\376\377\000d\000e\000b\000u\000g\000\137\000s\000e\000n\000d}{subsection.4.2.3}% 27
\BOOKMARK [3][-]{subsubsection.4.2.3.2}{\376\377\000g\000e\000t\000P\000o\000s}{subsection.4.2.3}% 28
\BOOKMARK [3][-]{subsubsection.4.2.3.3}{\376\377\000i\000n\000i\000t}{subsection.4.2.3}% 29
\BOOKMARK [3][-]{subsubsection.4.2.3.4}{\376\377\000l\000a\000s\000e\000r\000O\000f\000f}{subsection.4.2.3}% 30
\BOOKMARK [3][-]{subsubsection.4.2.3.5}{\376\377\000l\000a\000s\000e\000r\000O\000n}{subsection.4.2.3}% 31
\BOOKMARK [3][-]{subsubsection.4.2.3.6}{\376\377\000m\000o\000v\000e}{subsection.4.2.3}% 32
\BOOKMARK [3][-]{subsubsection.4.2.3.7}{\376\377\000m\000o\000v\000x}{subsection.4.2.3}% 33
\BOOKMARK [3][-]{subsubsection.4.2.3.8}{\376\377\000m\000o\000v\000y}{subsection.4.2.3}% 34
\BOOKMARK [3][-]{subsubsection.4.2.3.9}{\376\377\000p\000o\000s\000\137\000r\000e\000c\000e\000i\000v\000e\000d}{subsection.4.2.3}% 35
\BOOKMARK [3][-]{subsubsection.4.2.3.10}{\376\377\000p\000r\000o\000c\000e\000s\000s\000E\000r\000r\000o\000r}{subsection.4.2.3}% 36
\BOOKMARK [3][-]{subsubsection.4.2.3.11}{\376\377\000p\000r\000o\000c\000e\000s\000s\000T\000i\000m\000e\000o\000u\000t}{subsection.4.2.3}% 37
\BOOKMARK [3][-]{subsubsection.4.2.3.12}{\376\377\000s\000e\000t\000P\000o\000r\000t\000N\000a\000m\000e}{subsection.4.2.3}% 38
\BOOKMARK [3][-]{subsubsection.4.2.3.13}{\376\377\000s\000r\000e\000a\000d}{subsection.4.2.3}% 39
\BOOKMARK [3][-]{subsubsection.4.2.3.14}{\376\377\000s\000t\000o\000p}{subsection.4.2.3}% 40
\BOOKMARK [1][-]{section.4.3}{\376\377\000O\000p\000e\000n\000S\000k\000y\000P\000l\000a\000n\000e\000t\000a\000r\000i\000u\000m\000\040\000C\000l\000a\000s\000s\000\040\000R\000e\000f\000e\000r\000e\000n\000c\000e}{chapter.4}% 41
\BOOKMARK [2][-]{subsection.4.3.1}{\376\377\000D\000e\000t\000a\000i\000l\000e\000d\000\040\000D\000e\000s\000c\000r\000i\000p\000t\000i\000o\000n}{section.4.3}% 42
\BOOKMARK [2][-]{subsection.4.3.2}{\376\377\000C\000o\000n\000s\000t\000r\000u\000c\000t\000o\000r\000\040\000\046\000\040\000D\000e\000s\000t\000r\000u\000c\000t\000o\000r\000\040\000D\000o\000c\000u\000m\000e\000n\000t\000a\000t\000i\000o\000n}{section.4.3}% 43
\BOOKMARK [3][-]{subsubsection.4.3.2.1}{\376\377\000O\000p\000e\000n\000S\000k\000y\000P\000l\000a\000n\000e\000t\000a\000r\000i\000u\000m}{subsection.4.3.2}% 44
\BOOKMARK [3][-]{subsubsection.4.3.2.2}{\376\377\000O\000p\000e\000n\000S\000k\000y\000P\000l\000a\000n\000e\000t\000a\000r\000i\000u\000m}{subsection.4.3.2}% 45
\BOOKMARK [2][-]{subsection.4.3.3}{\376\377\000M\000e\000m\000b\000e\000r\000\040\000F\000u\000n\000c\000t\000i\000o\000n\000\040\000D\000o\000c\000u\000m\000e\000n\000t\000a\000t\000i\000o\000n}{section.4.3}% 46
\BOOKMARK [3][-]{subsubsection.4.3.3.1}{\376\377\000c\000o\000n\000f\000i\000g\000u\000r\000e\000G\000u\000i}{subsection.4.3.3}% 47
\BOOKMARK [3][-]{subsubsection.4.3.3.2}{\376\377\000d\000e\000i\000n\000i\000t}{subsection.4.3.3}% 48
\BOOKMARK [3][-]{subsubsection.4.3.3.3}{\376\377\000g\000e\000t\000C\000a\000l\000l\000O\000r\000d\000e\000r}{subsection.4.3.3}% 49
\BOOKMARK [3][-]{subsubsection.4.3.3.4}{\376\377\000i\000n\000i\000t}{subsection.4.3.3}% 50
\BOOKMARK [3][-]{subsubsection.4.3.3.5}{\376\377\000u\000p\000d\000a\000t\000e}{subsection.4.3.3}% 51
\BOOKMARK [1][-]{section.4.4}{\376\377\000O\000p\000e\000n\000S\000k\000y\000P\000l\000a\000n\000e\000t\000a\000r\000i\000u\000m\000P\000l\000u\000g\000i\000n\000I\000n\000t\000e\000r\000f\000a\000c\000e\000\040\000C\000l\000a\000s\000s\000\040\000R\000e\000f\000e\000r\000e\000n\000c\000e}{chapter.4}% 52
\BOOKMARK [2][-]{subsection.4.4.1}{\376\377\000D\000e\000t\000a\000i\000l\000e\000d\000\040\000D\000e\000s\000c\000r\000i\000p\000t\000i\000o\000n}{section.4.4}% 53
\BOOKMARK [2][-]{subsection.4.4.2}{\376\377\000M\000e\000m\000b\000e\000r\000\040\000F\000u\000n\000c\000t\000i\000o\000n\000\040\000D\000o\000c\000u\000m\000e\000n\000t\000a\000t\000i\000o\000n}{section.4.4}% 54
\BOOKMARK [3][-]{subsubsection.4.4.2.1}{\376\377\000g\000e\000t\000P\000l\000u\000g\000i\000n\000I\000n\000f\000o}{subsection.4.4.2}% 55
\BOOKMARK [3][-]{subsubsection.4.4.2.2}{\376\377\000g\000e\000t\000S\000t\000e\000l\000M\000o\000d\000u\000l\000e}{subsection.4.4.2}% 56
\BOOKMARK [1][-]{section.4.5}{\376\377\000O\000S\000P\000M\000a\000i\000n\000D\000i\000a\000l\000o\000g\000\040\000C\000l\000a\000s\000s\000\040\000R\000e\000f\000e\000r\000e\000n\000c\000e}{chapter.4}% 57
\BOOKMARK [2][-]{subsection.4.5.1}{\376\377\000D\000e\000t\000a\000i\000l\000e\000d\000\040\000D\000e\000s\000c\000r\000i\000p\000t\000i\000o\000n}{section.4.5}% 58
\BOOKMARK [2][-]{subsection.4.5.2}{\376\377\000C\000o\000n\000s\000t\000r\000u\000c\000t\000o\000r\000\040\000\046\000\040\000D\000e\000s\000t\000r\000u\000c\000t\000o\000r\000\040\000D\000o\000c\000u\000m\000e\000n\000t\000a\000t\000i\000o\000n}{section.4.5}% 59
\BOOKMARK [3][-]{subsubsection.4.5.2.1}{\376\377\000O\000S\000P\000M\000a\000i\000n\000D\000i\000a\000l\000o\000g}{subsection.4.5.2}% 60
\BOOKMARK [3][-]{subsubsection.4.5.2.2}{\376\377\000O\000S\000P\000M\000a\000i\000n\000D\000i\000a\000l\000o\000g}{subsection.4.5.2}% 61
\BOOKMARK [2][-]{subsection.4.5.3}{\376\377\000M\000e\000m\000b\000e\000r\000\040\000F\000u\000n\000c\000t\000i\000o\000n\000\040\000D\000o\000c\000u\000m\000e\000n\000t\000a\000t\000i\000o\000n}{section.4.5}% 62
\BOOKMARK [3][-]{subsubsection.4.5.3.1}{\376\377\000a\000r\000r\000o\000w\000\137\000r\000e\000l\000e\000a\000s\000e\000d}{subsection.4.5.3}% 63
\BOOKMARK [3][-]{subsubsection.4.5.3.2}{\376\377\000c\000o\000m\000G\000O\000T\000O}{subsection.4.5.3}% 64
\BOOKMARK [3][-]{subsubsection.4.5.3.3}{\376\377\000c\000o\000m\000p\000i\000l\000e\000S\000c\000r\000i\000p\000t}{subsection.4.5.3}% 65
\BOOKMARK [3][-]{subsubsection.4.5.3.4}{\376\377\000c\000o\000m\000P\000L\000A\000Y}{subsection.4.5.3}% 66
\BOOKMARK [3][-]{subsubsection.4.5.3.5}{\376\377\000c\000o\000m\000T\000U\000R\000N}{subsection.4.5.3}% 67
\BOOKMARK [3][-]{subsubsection.4.5.3.6}{\376\377\000c\000o\000m\000W\000A\000I\000T}{subsection.4.5.3}% 68
\BOOKMARK [3][-]{subsubsection.4.5.3.7}{\376\377\000c\000r\000e\000a\000t\000e\000D\000i\000a\000l\000o\000g\000C\000o\000n\000t\000e\000n\000t}{subsection.4.5.3}% 69
\BOOKMARK [3][-]{subsubsection.4.5.3.8}{\376\377\000d\000e\000b\000u\000g\000\137\000r\000e\000c\000e\000i\000v\000e\000d}{subsection.4.5.3}% 70
\BOOKMARK [3][-]{subsubsection.4.5.3.9}{\376\377\000d\000o\000w\000n\000P\000r\000e\000s\000s\000e\000d}{subsection.4.5.3}% 71
\BOOKMARK [3][-]{subsubsection.4.5.3.10}{\376\377\000e\000x\000e\000c\000S\000c\000r\000i\000p\000t}{subsection.4.5.3}% 72
\BOOKMARK [3][-]{subsubsection.4.5.3.11}{\376\377\000g\000o\000T\000o}{subsection.4.5.3}% 73
\BOOKMARK [3][-]{subsubsection.4.5.3.12}{\376\377\000g\000t}{subsection.4.5.3}% 74
\BOOKMARK [3][-]{subsubsection.4.5.3.13}{\376\377\000i\000n\000i\000t\000D\000e\000v\000i\000c\000e}{subsection.4.5.3}% 75
\BOOKMARK [3][-]{subsubsection.4.5.3.14}{\376\377\000l\000a\000s\000e\000r}{subsection.4.5.3}% 76
\BOOKMARK [3][-]{subsubsection.4.5.3.15}{\376\377\000l\000a\000s\000e\000r\000T\000o\000g\000g\000l\000e\000d}{subsection.4.5.3}% 77
\BOOKMARK [3][-]{subsubsection.4.5.3.16}{\376\377\000l\000e\000f\000t\000P\000r\000e\000s\000s\000e\000d}{subsection.4.5.3}% 78
\BOOKMARK [3][-]{subsubsection.4.5.3.17}{\376\377\000l\000o}{subsection.4.5.3}% 79
\BOOKMARK [3][-]{subsubsection.4.5.3.18}{\376\377\000m\000o\000v\000e}{subsection.4.5.3}% 80
\BOOKMARK [3][-]{subsubsection.4.5.3.19}{\376\377\000o\000p\000e\000n\000S\000c\000r\000i\000p\000t}{subsection.4.5.3}% 81
\BOOKMARK [3][-]{subsubsection.4.5.3.20}{\376\377\000p\000a\000u\000s\000e}{subsection.4.5.3}% 82
\BOOKMARK [3][-]{subsubsection.4.5.3.21}{\376\377\000p\000l}{subsection.4.5.3}% 83
\BOOKMARK [3][-]{subsubsection.4.5.3.22}{\376\377\000p\000l\000a\000y}{subsection.4.5.3}% 84
\BOOKMARK [3][-]{subsubsection.4.5.3.23}{\376\377\000p\000l\000a\000y\000A\000u\000d\000i\000o}{subsection.4.5.3}% 85
\BOOKMARK [3][-]{subsubsection.4.5.3.24}{\376\377\000p\000l\000a\000y\000C\000l\000i\000c\000k\000e\000d}{subsection.4.5.3}% 86
\BOOKMARK [3][-]{subsubsection.4.5.3.25}{\376\377\000p\000o\000s\000\137\000r\000e\000c\000e\000i\000v\000e\000d}{subsection.4.5.3}% 87
\BOOKMARK [3][-]{subsubsection.4.5.3.26}{\376\377\000r\000e\000t\000r\000a\000n\000s\000l\000a\000t\000e}{subsection.4.5.3}% 88
\BOOKMARK [3][-]{subsubsection.4.5.3.27}{\376\377\000r\000i\000g\000h\000t\000P\000r\000e\000s\000s\000e\000d}{subsection.4.5.3}% 89
\BOOKMARK [3][-]{subsubsection.4.5.3.28}{\376\377\000s\000a\000v\000e\000S\000c\000r\000i\000p\000t}{subsection.4.5.3}% 90
\BOOKMARK [3][-]{subsubsection.4.5.3.29}{\376\377\000s\000e\000l\000e\000c\000t\000D\000e\000v\000i\000c\000e}{subsection.4.5.3}% 91
\BOOKMARK [3][-]{subsubsection.4.5.3.30}{\376\377\000s\000e\000t\000R\000e\000f\000e\000r\000e\000n\000c\000e}{subsection.4.5.3}% 92
\BOOKMARK [3][-]{subsubsection.4.5.3.31}{\376\377\000s\000e\000t\000S\000i\000g\000n\000a\000l\000s}{subsection.4.5.3}% 93
\BOOKMARK [3][-]{subsubsection.4.5.3.32}{\376\377\000s\000e\000t\000V\000o\000l\000u\000m\000e}{subsection.4.5.3}% 94
\BOOKMARK [3][-]{subsubsection.4.5.3.33}{\376\377\000s\000h\000o\000w\000M\000e\000s\000s\000a\000g\000e}{subsection.4.5.3}% 95
\BOOKMARK [3][-]{subsubsection.4.5.3.34}{\376\377\000s\000t\000o\000p}{subsection.4.5.3}% 96
\BOOKMARK [3][-]{subsubsection.4.5.3.35}{\376\377\000s\000t\000o\000p\000C\000l\000i\000c\000k}{subsection.4.5.3}% 97
\BOOKMARK [3][-]{subsubsection.4.5.3.36}{\376\377\000u\000p\000P\000r\000e\000s\000s\000e\000d}{subsection.4.5.3}% 98
\BOOKMARK [3][-]{subsubsection.4.5.3.37}{\376\377\000w\000a\000i\000t\000f\000o\000r\000s\000e\000c}{subsection.4.5.3}% 99
\BOOKMARK [3][-]{subsubsection.4.5.3.38}{\376\377\000w\000t}{subsection.4.5.3}% 100
\BOOKMARK [1][-]{section.4.6}{\376\377\000S\000e\000r\000i\000a\000l\000C\000o\000m\000\040\000C\000l\000a\000s\000s\000\040\000R\000e\000f\000e\000r\000e\000n\000c\000e}{chapter.4}% 101
\BOOKMARK [2][-]{subsection.4.6.1}{\376\377\000D\000e\000t\000a\000i\000l\000e\000d\000\040\000D\000e\000s\000c\000r\000i\000p\000t\000i\000o\000n}{section.4.6}% 102
\BOOKMARK [2][-]{subsection.4.6.2}{\376\377\000C\000o\000n\000s\000t\000r\000u\000c\000t\000o\000r\000\040\000\046\000\040\000D\000e\000s\000t\000r\000u\000c\000t\000o\000r\000\040\000D\000o\000c\000u\000m\000e\000n\000t\000a\000t\000i\000o\000n}{section.4.6}% 103
\BOOKMARK [3][-]{subsubsection.4.6.2.1}{\376\377\000S\000e\000r\000i\000a\000l\000C\000o\000m}{subsection.4.6.2}% 104
\BOOKMARK [3][-]{subsubsection.4.6.2.2}{\376\377\000S\000e\000r\000i\000a\000l\000C\000o\000m}{subsection.4.6.2}% 105
\BOOKMARK [2][-]{subsection.4.6.3}{\376\377\000M\000e\000m\000b\000e\000r\000\040\000F\000u\000n\000c\000t\000i\000o\000n\000\040\000D\000o\000c\000u\000m\000e\000n\000t\000a\000t\000i\000o\000n}{section.4.6}% 106
\BOOKMARK [3][-]{subsubsection.4.6.3.1}{\376\377\000e\000r\000r\000o\000r}{subsection.4.6.3}% 107
\BOOKMARK [3][-]{subsubsection.4.6.3.2}{\376\377\000r\000e\000s\000p\000o\000n\000s\000e}{subsection.4.6.3}% 108
\BOOKMARK [3][-]{subsubsection.4.6.3.3}{\376\377\000r\000u\000n}{subsection.4.6.3}% 109
\BOOKMARK [3][-]{subsubsection.4.6.3.4}{\376\377\000s\000e\000n\000d\000R\000e\000q\000u\000e\000s\000t}{subsection.4.6.3}% 110
\BOOKMARK [3][-]{subsubsection.4.6.3.5}{\376\377\000t\000i\000m\000e\000o\000u\000t}{subsection.4.6.3}% 111
\BOOKMARK [0][-]{chapter.5}{\376\377\000F\000i\000l\000e\000\040\000D\000o\000c\000u\000m\000e\000n\000t\000a\000t\000i\000o\000n}{}% 112
\BOOKMARK [1][-]{section.5.1}{\376\377\000C\000a\000l\000i\000b\000r\000a\000t\000e\000.\000c\000p\000p\000\040\000F\000i\000l\000e\000\040\000R\000e\000f\000e\000r\000e\000n\000c\000e}{chapter.5}% 113
\BOOKMARK [1][-]{section.5.2}{\376\377\000C\000a\000l\000i\000b\000r\000a\000t\000e\000.\000h\000p\000p\000\040\000F\000i\000l\000e\000\040\000R\000e\000f\000e\000r\000e\000n\000c\000e}{chapter.5}% 114
\BOOKMARK [1][-]{section.5.3}{\376\377\000g\000u\000i\000/\000O\000S\000P\000M\000a\000i\000n\000D\000i\000a\000l\000o\000g\000.\000c\000p\000p\000\040\000F\000i\000l\000e\000\040\000R\000e\000f\000e\000r\000e\000n\000c\000e}{chapter.5}% 115
\BOOKMARK [1][-]{section.5.4}{\376\377\000g\000u\000i\000/\000O\000S\000P\000M\000a\000i\000n\000D\000i\000a\000l\000o\000g\000.\000h\000p\000p\000\040\000F\000i\000l\000e\000\040\000R\000e\000f\000e\000r\000e\000n\000c\000e}{chapter.5}% 116
\BOOKMARK [1][-]{section.5.5}{\376\377\000L\000a\000s\000e\000r\000D\000e\000v\000.\000c\000p\000p\000\040\000F\000i\000l\000e\000\040\000R\000e\000f\000e\000r\000e\000n\000c\000e}{chapter.5}% 117
\BOOKMARK [1][-]{section.5.6}{\376\377\000L\000a\000s\000e\000r\000D\000e\000v\000.\000h\000p\000p\000\040\000F\000i\000l\000e\000\040\000R\000e\000f\000e\000r\000e\000n\000c\000e}{chapter.5}% 118
\BOOKMARK [1][-]{section.5.7}{\376\377\000O\000p\000e\000n\000S\000k\000y\000P\000l\000a\000n\000e\000t\000a\000r\000i\000u\000m\000.\000c\000p\000p\000\040\000F\000i\000l\000e\000\040\000R\000e\000f\000e\000r\000e\000n\000c\000e}{chapter.5}% 119
\BOOKMARK [1][-]{section.5.8}{\376\377\000O\000p\000e\000n\000S\000k\000y\000P\000l\000a\000n\000e\000t\000a\000r\000i\000u\000m\000.\000h\000p\000p\000\040\000F\000i\000l\000e\000\040\000R\000e\000f\000e\000r\000e\000n\000c\000e}{chapter.5}% 120
\BOOKMARK [1][-]{section.5.9}{\376\377\000S\000e\000r\000i\000a\000l\000C\000o\000m\000.\000c\000p\000p\000\040\000F\000i\000l\000e\000\040\000R\000e\000f\000e\000r\000e\000n\000c\000e}{chapter.5}% 121
\BOOKMARK [1][-]{section.5.10}{\376\377\000S\000e\000r\000i\000a\000l\000C\000o\000m\000.\000h\000p\000p\000\040\000F\000i\000l\000e\000\040\000R\000e\000f\000e\000r\000e\000n\000c\000e}{chapter.5}% 122
\BOOKMARK [0][-]{section*.19}{\376\377\000I\000n\000d\000e\000x}{}% 123
